<?xml version="1.0" encoding="UTF-8"?>
<testsuite name="jpabook.jpashop.JpashopApplicationTests" tests="1" skipped="0" failures="0" errors="0" timestamp="2020-10-28T15:05:15" hostname="DESKTOP-DC9VBFF" time="0.461">
  <properties/>
  <testcase name="contextLoads" classname="jpabook.jpashop.JpashopApplicationTests" time="0.461"/>
  <system-out><![CDATA[00:05:07.047 [Test worker] DEBUG org.springframework.test.context.junit4.SpringJUnit4ClassRunner - SpringJUnit4ClassRunner constructor called with [class jpabook.jpashop.JpashopApplicationTests]
00:05:07.064 [Test worker] DEBUG org.springframework.test.context.BootstrapUtils - Instantiating CacheAwareContextLoaderDelegate from class [org.springframework.test.context.cache.DefaultCacheAwareContextLoaderDelegate]
00:05:07.082 [Test worker] DEBUG org.springframework.test.context.BootstrapUtils - Instantiating BootstrapContext using constructor [public org.springframework.test.context.support.DefaultBootstrapContext(java.lang.Class,org.springframework.test.context.CacheAwareContextLoaderDelegate)]
00:05:07.112 [Test worker] DEBUG org.springframework.test.context.BootstrapUtils - Instantiating TestContextBootstrapper for test class [jpabook.jpashop.JpashopApplicationTests] from class [org.springframework.boot.test.context.SpringBootTestContextBootstrapper]
00:05:07.136 [Test worker] INFO org.springframework.boot.test.context.SpringBootTestContextBootstrapper - Neither @ContextConfiguration nor @ContextHierarchy found for test class [jpabook.jpashop.JpashopApplicationTests], using SpringBootContextLoader
00:05:07.143 [Test worker] DEBUG org.springframework.test.context.support.AbstractContextLoader - Did not detect default resource location for test class [jpabook.jpashop.JpashopApplicationTests]: class path resource [jpabook/jpashop/JpashopApplicationTests-context.xml] does not exist
00:05:07.145 [Test worker] DEBUG org.springframework.test.context.support.AbstractContextLoader - Did not detect default resource location for test class [jpabook.jpashop.JpashopApplicationTests]: class path resource [jpabook/jpashop/JpashopApplicationTestsContext.groovy] does not exist
00:05:07.145 [Test worker] INFO org.springframework.test.context.support.AbstractContextLoader - Could not detect default resource locations for test class [jpabook.jpashop.JpashopApplicationTests]: no resource found for suffixes {-context.xml, Context.groovy}.
00:05:07.146 [Test worker] INFO org.springframework.test.context.support.AnnotationConfigContextLoaderUtils - Could not detect default configuration classes for test class [jpabook.jpashop.JpashopApplicationTests]: JpashopApplicationTests does not declare any static, non-private, non-final, nested classes annotated with @Configuration.
00:05:07.225 [Test worker] DEBUG org.springframework.test.context.support.ActiveProfilesUtils - Could not find an 'annotation declaring class' for annotation type [org.springframework.test.context.ActiveProfiles] and class [jpabook.jpashop.JpashopApplicationTests]
00:05:07.334 [Test worker] DEBUG org.springframework.context.annotation.ClassPathScanningCandidateComponentProvider - Identified candidate component class: file [C:\Users\HyangKeun Choi\Desktop\실전 스프링 부트와 JPA 활용1\jpashop\build\classes\java\main\jpabook\jpashop\JpashopApplication.class]
00:05:07.336 [Test worker] INFO org.springframework.boot.test.context.SpringBootTestContextBootstrapper - Found @SpringBootConfiguration jpabook.jpashop.JpashopApplication for test class jpabook.jpashop.JpashopApplicationTests
00:05:07.492 [Test worker] DEBUG org.springframework.boot.test.context.SpringBootTestContextBootstrapper - @TestExecutionListeners is not present for class [jpabook.jpashop.JpashopApplicationTests]: using defaults.
00:05:07.493 [Test worker] INFO org.springframework.boot.test.context.SpringBootTestContextBootstrapper - Loaded default TestExecutionListener class names from location [META-INF/spring.factories]: [org.springframework.boot.test.autoconfigure.restdocs.RestDocsTestExecutionListener, org.springframework.boot.test.autoconfigure.web.client.MockRestServiceServerResetTestExecutionListener, org.springframework.boot.test.autoconfigure.web.servlet.MockMvcPrintOnlyOnFailureTestExecutionListener, org.springframework.boot.test.autoconfigure.web.servlet.WebDriverTestExecutionListener, org.springframework.boot.test.mock.mockito.MockitoTestExecutionListener, org.springframework.boot.test.mock.mockito.ResetMocksTestExecutionListener, org.springframework.test.context.web.ServletTestExecutionListener, org.springframework.test.context.support.DirtiesContextBeforeModesTestExecutionListener, org.springframework.test.context.support.DependencyInjectionTestExecutionListener, org.springframework.test.context.support.DirtiesContextTestExecutionListener, org.springframework.test.context.transaction.TransactionalTestExecutionListener, org.springframework.test.context.jdbc.SqlScriptsTestExecutionListener]
00:05:07.527 [Test worker] INFO org.springframework.boot.test.context.SpringBootTestContextBootstrapper - Using TestExecutionListeners: [org.springframework.test.context.web.ServletTestExecutionListener@1f7d68eb, org.springframework.test.context.support.DirtiesContextBeforeModesTestExecutionListener@1e06805e, org.springframework.boot.test.mock.mockito.MockitoTestExecutionListener@164379c6, org.springframework.boot.test.autoconfigure.SpringBootDependencyInjectionTestExecutionListener@60df59a1, org.springframework.test.context.support.DirtiesContextTestExecutionListener@14914f61, org.springframework.test.context.transaction.TransactionalTestExecutionListener@3e3f29dd, org.springframework.test.context.jdbc.SqlScriptsTestExecutionListener@33bfea95, org.springframework.boot.test.autoconfigure.restdocs.RestDocsTestExecutionListener@29b7af12, org.springframework.boot.test.autoconfigure.web.client.MockRestServiceServerResetTestExecutionListener@37430702, org.springframework.boot.test.autoconfigure.web.servlet.MockMvcPrintOnlyOnFailureTestExecutionListener@70f5b1f6, org.springframework.boot.test.autoconfigure.web.servlet.WebDriverTestExecutionListener@3cd2063f, org.springframework.boot.test.mock.mockito.ResetMocksTestExecutionListener@2889f188]
00:05:07.532 [Test worker] DEBUG org.springframework.test.annotation.ProfileValueUtils - Retrieved @ProfileValueSourceConfiguration [null] for test class [jpabook.jpashop.JpashopApplicationTests]
00:05:07.534 [Test worker] DEBUG org.springframework.test.annotation.ProfileValueUtils - Retrieved ProfileValueSource type [class org.springframework.test.annotation.SystemProfileValueSource] for class [jpabook.jpashop.JpashopApplicationTests]
00:05:07.544 [Test worker] DEBUG org.springframework.test.annotation.ProfileValueUtils - Retrieved @ProfileValueSourceConfiguration [null] for test class [jpabook.jpashop.JpashopApplicationTests]
00:05:07.544 [Test worker] DEBUG org.springframework.test.annotation.ProfileValueUtils - Retrieved ProfileValueSource type [class org.springframework.test.annotation.SystemProfileValueSource] for class [jpabook.jpashop.JpashopApplicationTests]
00:05:07.545 [Test worker] DEBUG org.springframework.test.annotation.ProfileValueUtils - Retrieved @ProfileValueSourceConfiguration [null] for test class [jpabook.jpashop.JpashopApplicationTests]
00:05:07.546 [Test worker] DEBUG org.springframework.test.annotation.ProfileValueUtils - Retrieved ProfileValueSource type [class org.springframework.test.annotation.SystemProfileValueSource] for class [jpabook.jpashop.JpashopApplicationTests]
00:05:07.555 [Test worker] DEBUG org.springframework.test.context.support.AbstractDirtiesContextTestExecutionListener - Before test class: context [DefaultTestContext@704ea680 testClass = JpashopApplicationTests, testInstance = [null], testMethod = [null], testException = [null], mergedContextConfiguration = [WebMergedContextConfiguration@5f284f4e testClass = JpashopApplicationTests, locations = '{}', classes = '{class jpabook.jpashop.JpashopApplication}', contextInitializerClasses = '[]', activeProfiles = '{}', propertySourceLocations = '{}', propertySourceProperties = '{org.springframework.boot.test.context.SpringBootTestContextBootstrapper=true}', contextCustomizers = set[org.springframework.boot.test.autoconfigure.properties.PropertyMappingContextCustomizer@0, org.springframework.boot.test.autoconfigure.web.servlet.WebDriverContextCustomizerFactory$Customizer@4322ba54, org.springframework.boot.test.context.filter.ExcludeFilterContextCustomizer@264d2fd7, org.springframework.boot.test.json.DuplicateJsonObjectContextCustomizerFactory$DuplicateJsonObjectContextCustomizer@2c8c2bec, org.springframework.boot.test.mock.mockito.MockitoContextCustomizer@0, org.springframework.boot.test.web.client.TestRestTemplateContextCustomizer@1ed2c3e3], resourceBasePath = 'src/main/webapp', contextLoader = 'org.springframework.boot.test.context.SpringBootContextLoader', parent = [null]], attributes = map['org.springframework.test.context.web.ServletTestExecutionListener.activateListener' -> true]], class annotated with @DirtiesContext [false] with mode [null].
00:05:07.557 [Test worker] DEBUG org.springframework.test.annotation.ProfileValueUtils - Retrieved @ProfileValueSourceConfiguration [null] for test class [jpabook.jpashop.JpashopApplicationTests]
00:05:07.558 [Test worker] DEBUG org.springframework.test.annotation.ProfileValueUtils - Retrieved ProfileValueSource type [class org.springframework.test.annotation.SystemProfileValueSource] for class [jpabook.jpashop.JpashopApplicationTests]
00:05:07.598 [Test worker] DEBUG org.springframework.test.context.support.TestPropertySourceUtils - Adding inlined properties to environment: {spring.jmx.enabled=false, org.springframework.boot.test.context.SpringBootTestContextBootstrapper=true, server.port=-1}

  .   ____          _            __ _ _
 /\\ / ___'_ __ _ _(_)_ __  __ _ \ \ \ \
( ( )\___ | '_ | '_| | '_ \/ _` | \ \ \ \
 \\/  ___)| |_)| | | | | || (_| |  ) ) ) )
  '  |____| .__|_| |_|_| |_\__, | / / / /
 =========|_|==============|___/=/_/_/_/
 :: Spring Boot ::       (v2.1.17.RELEASE)

2020-10-29 00:05:08.252  INFO 18056 --- [    Test worker] jpabook.jpashop.JpashopApplicationTests  : Starting JpashopApplicationTests on DESKTOP-DC9VBFF with PID 18056 (started by HyangKeun Choi in C:\Users\HyangKeun Choi\Desktop\실전 스프링 부트와 JPA 활용1\jpashop)
2020-10-29 00:05:08.255  INFO 18056 --- [    Test worker] jpabook.jpashop.JpashopApplicationTests  : No active profile set, falling back to default profiles: default
2020-10-29 00:05:09.678  INFO 18056 --- [    Test worker] .s.d.r.c.RepositoryConfigurationDelegate : Bootstrapping Spring Data JPA repositories in DEFAULT mode.
2020-10-29 00:05:09.720  INFO 18056 --- [    Test worker] .s.d.r.c.RepositoryConfigurationDelegate : Finished Spring Data repository scanning in 24ms. Found 0 JPA repository interfaces.
2020-10-29 00:05:10.862  INFO 18056 --- [    Test worker] com.zaxxer.hikari.HikariDataSource       : HikariPool-1 - Starting...
2020-10-29 00:05:11.218  INFO 18056 --- [    Test worker] com.zaxxer.hikari.HikariDataSource       : HikariPool-1 - Start completed.
2020-10-29 00:05:11.379  INFO 18056 --- [    Test worker] o.hibernate.jpa.internal.util.LogHelper  : HHH000204: Processing PersistenceUnitInfo [name: default]
2020-10-29 00:05:11.556  INFO 18056 --- [    Test worker] org.hibernate.Version                    : HHH000412: Hibernate ORM core version 5.4.20.Final
2020-10-29 00:05:11.939  INFO 18056 --- [    Test worker] o.hibernate.annotations.common.Version   : HCANN000001: Hibernate Commons Annotations {5.1.0.Final}
2020-10-29 00:05:12.355  INFO 18056 --- [    Test worker] org.hibernate.dialect.Dialect            : HHH000400: Using dialect: org.hibernate.dialect.H2Dialect
2020-10-29 00:05:12.839  INFO 18056 --- [    Test worker] o.h.e.t.j.p.i.JtaPlatformInitiator       : HHH000490: Using JtaPlatform implementation: [org.hibernate.engine.transaction.jta.platform.internal.NoJtaPlatform]
2020-10-29 00:05:12.852  INFO 18056 --- [    Test worker] j.LocalContainerEntityManagerFactoryBean : Initialized JPA EntityManagerFactory for persistence unit 'default'
2020-10-29 00:05:14.164  INFO 18056 --- [    Test worker] o.s.s.concurrent.ThreadPoolTaskExecutor  : Initializing ExecutorService 'applicationTaskExecutor'
2020-10-29 00:05:14.341  WARN 18056 --- [    Test worker] aWebConfiguration$JpaWebMvcConfiguration : spring.jpa.open-in-view is enabled by default. Therefore, database queries may be performed during view rendering. Explicitly configure spring.jpa.open-in-view to disable this warning
2020-10-29 00:05:15.317  INFO 18056 --- [    Test worker] jpabook.jpashop.JpashopApplicationTests  : Started JpashopApplicationTests in 7.702 seconds (JVM running for 9.608)
]]></system-out>
  <system-err><![CDATA[]]></system-err>
</testsuite>
